Questionable use of curly braces in "filetype={cir}"
    Error: undefined symbol in: "[cir]"
Questionable use of curly braces in "name={battery}"
    Error: undefined symbol in: "[battery]"
Questionable use of curly braces in "name={spice_v}"
    Error: undefined symbol in: "[spice_v]"
Questionable use of curly braces in "name={resistor}"
    Error: undefined symbol in: "[resistor]"
Questionable use of curly braces in "name={capacitor}"
    Error: undefined symbol in: "[capacitor]"
Questionable use of curly braces in "name={inductor}"
    Error: undefined symbol in: "[inductor]"
Questionable use of curly braces in "name={diode}"
    Error: undefined symbol in: "[diode]"
Questionable use of curly braces in "name={schottky}"
    Error: undefined symbol in: "[schottky]"
Questionable use of curly braces in "name={npn}"
    Error: undefined symbol in: "[npn]"
Questionable use of curly braces in "name={ground}"
    Error: undefined symbol in: "[ground]"
Questionable use of curly braces in "name={diode.root}"
    Error: undefined symbol in: "[diode.root]"
Questionable use of curly braces in "name={vsource.root}"
    Error: undefined symbol in: "[vsource.root]"
Questionable use of curly braces in "name={plus.root}"
    Error: undefined symbol in: "[plus.root]"
Questionable use of curly braces in "name={bjt.root}"
    Error: undefined symbol in: "[bjt.root]"
Questionable use of curly braces in "name={capacitor}"
    Error: undefined symbol in: "[capacitor]"
Questionable use of curly braces in "definition={capacitor}"
    Error: undefined symbol in: "[capacitor]"
Questionable use of curly braces in "shape={capacitor}"
    Error: undefined symbol in: "[capacitor]"
Questionable use of curly braces in "memo={capacitor}"
    Error: undefined symbol in: "[capacitor]"
Questionable use of curly braces in "definition={diode}"
    Error: undefined symbol in: "[diode]"
Questionable use of curly braces in "shape={schottky}"
    Error: undefined symbol in: "[schottky]"
Questionable use of curly braces in "memo={schottky} barrier rectifier vr=40v i0=1a"
    Error: undefined symbol in: "[schottky]"
Questionable use of curly braces in "name={inductor}"
    Error: undefined symbol in: "[inductor]"
Questionable use of curly braces in "definition={inductor}"
    Error: undefined symbol in: "[inductor]"
Questionable use of curly braces in "shape={inductor}"
    Error: undefined symbol in: "[inductor]"
Questionable use of curly braces in "memo={inductor}"
    Error: undefined symbol in: "[inductor]"
Questionable use of curly braces in "name={resistor}"
    Error: undefined symbol in: "[resistor]"
Questionable use of curly braces in "definition={resistor}"
    Error: undefined symbol in: "[resistor]"
Questionable use of curly braces in "shape={resistor}"
    Error: undefined symbol in: "[resistor]"
Questionable use of curly braces in "memo={resistor}"
    Error: undefined symbol in: "[resistor]"
Questionable use of curly braces in "definition={diode}"
    Error: undefined symbol in: "[diode]"
Questionable use of curly braces in "shape={diode}"
    Error: undefined symbol in: "[diode]"
Questionable use of curly braces in "memo={switching} diode vr=100v if=200ma"
    Error: undefined symbol in: "[switching]"
Questionable use of curly braces in "name={ground}"
    Error: undefined symbol in: "[ground]"
Questionable use of curly braces in "definition={ground}"
    Error: undefined symbol in: "[ground]"
Questionable use of curly braces in "shape={ground}"
    Error: undefined symbol in: "[ground]"
Questionable use of curly braces in "memo={ground}"
    Error: undefined symbol in: "[ground]"
Questionable use of curly braces in "name={battery}"
    Error: undefined symbol in: "[battery]"
Questionable use of curly braces in "definition={battery}"
    Error: undefined symbol in: "[battery]"
Questionable use of curly braces in "shape={battery}"
    Error: undefined symbol in: "[battery]"
Questionable use of curly braces in "memo={battery}"
    Error: undefined symbol in: "[battery]"
Questionable use of curly braces in "name={voltage} source"
    Error: undefined symbol in: "[voltage]"
Questionable use of curly braces in "definition={vspice}"
    Error: undefined symbol in: "[vspice]"
Questionable use of curly braces in "shape={spice_v}"
    Error: undefined symbol in: "[spice_v]"
Questionable use of curly braces in "memo={voltage} source"
    Error: undefined symbol in: "[voltage]"
Questionable use of curly braces in "definition={npn}"
    Error: undefined symbol in: "[npn]"
Questionable use of curly braces in "shape={npn}"
    Error: undefined symbol in: "[npn]"
Questionable use of curly braces in "memo={npn}"
    Error: undefined symbol in: "[npn]"
Questionable use of curly braces in "default object apply border to text={no}"
    Error: undefined symbol in: "[no]"
Questionable use of curly braces in "default object apply fill to text={no}"
    Error: undefined symbol in: "[no]"
Questionable use of curly braces in "spicetype={ambiguous}"
    Error: undefined symbol in: "[ambiguous]"
Questionable use of curly braces in "titleblock field_1={$name}"
    Error: undefined symbol in: "[$name]"
Questionable use of curly braces in "titleblock field_2={$user} $company"
    Error: undefined symbol in: "[$user]"
Questionable use of curly braces in "titleblock field_4={$date}"
    Error: undefined symbol in: "[$date]"
Questionable use of curly braces in "titleblock field_5={page} $page of $maxpage"
    Error: undefined symbol in: "[page]"
Questionable use of curly braces in "titleblock one title={false}"
    Error: undefined symbol in: "[false]"
Questionable use of curly braces in "title_block_border={false}"
    Error: undefined symbol in: "[false]"
Questionable use of curly braces in "title_block={false}"
    Error: undefined symbol in: "[false]"
Questionable use of curly braces in "show nodes={false}"
    Error: undefined symbol in: "[false]"
Questionable use of curly braces in "show voltages={false}"
    Error: undefined symbol in: "[false]"
Questionable use of curly braces in "show current={false}"
    Error: undefined symbol in: "[false]"
Questionable use of curly braces in "show power={false}"
    Error: undefined symbol in: "[false]"
Questionable use of curly braces in "show condition={false}"
    Error: undefined symbol in: "[false]"
Questionable use of curly braces in "show pin connections={false}"
    Error: undefined symbol in: "[false]"
Questionable use of curly braces in "show cross={false}"
    Error: undefined symbol in: "[false]"
Questionable use of curly braces in "show attribute text={true}"
    Error: undefined symbol in: "[true]"
Questionable use of curly braces in "show grid text={true}"
    Error: undefined symbol in: "[true]"
Questionable use of curly braces in "name={capacitor}"
    Error: undefined symbol in: "[capacitor]"
Questionable use of curly braces in "name={capacitor}"
    Error: undefined symbol in: "[capacitor]"
Questionable use of curly braces in "name={inductor}"
    Error: undefined symbol in: "[inductor]"
Questionable use of curly braces in "name={capacitor}"
    Error: undefined symbol in: "[capacitor]"
Questionable use of curly braces in "name={resistor}"
    Error: undefined symbol in: "[resistor]"
Questionable use of curly braces in "name={capacitor}"
    Error: undefined symbol in: "[capacitor]"
Questionable use of curly braces in "name={resistor}"
    Error: undefined symbol in: "[resistor]"
Questionable use of curly braces in "name={ground}"
    Error: undefined symbol in: "[ground]"
Questionable use of curly braces in "name={ground}"
    Error: undefined symbol in: "[ground]"
Questionable use of curly braces in "name={ground}"
    Error: undefined symbol in: "[ground]"
Questionable use of curly braces in "name={battery}"
    Error: undefined symbol in: "[battery]"
Questionable use of curly braces in "name={ground}"
    Error: undefined symbol in: "[ground]"
Questionable use of curly braces in "name={voltage} source"
    Error: undefined symbol in: "[voltage]"
Questionable use of curly braces in "name={ground}"
    Error: undefined symbol in: "[ground]"
Questionable use of curly braces in "cborder={none}"
    Error: undefined symbol in: "[none]"
Questionable use of curly braces in "cborder={none}"
    Error: undefined symbol in: "[none]"
Questionable use of curly braces in "calcrms={false}"
    Error: undefined symbol in: "[false]"
Questionable use of curly braces in "calcavg={false}"
    Error: undefined symbol in: "[false]"
Questionable use of curly braces in "calcpeak={false}"
    Error: undefined symbol in: "[false]"
Questionable use of curly braces in "displaymeasure={last}"
    Error: undefined symbol in: "[last]"
Questionable use of curly braces in "pos={top}"
    Error: undefined symbol in: "[top]"
Questionable use of curly braces in "probe={yes}"
    Error: undefined symbol in: "[yes]"
Questionable use of curly braces in "select={yes}"
    Error: undefined symbol in: "[yes]"
Questionable use of curly braces in "comp={yes}"
    Error: undefined symbol in: "[yes]"
Questionable use of curly braces in "text={yes}"
    Error: undefined symbol in: "[yes]"
Questionable use of curly braces in "wire={yes}"
    Error: undefined symbol in: "[yes]"
Questionable use of curly braces in "wired={yes}"
    Error: undefined symbol in: "[yes]"
Questionable use of curly braces in "bus={yes}"
    Error: undefined symbol in: "[yes]"
Questionable use of curly braces in "graphic={yes}"
    Error: undefined symbol in: "[yes]"
Questionable use of curly braces in "line={no}"
    Error: undefined symbol in: "[no]"
Questionable use of curly braces in "ellipse={no}"
    Error: undefined symbol in: "[no]"
Questionable use of curly braces in "rect={no}"
    Error: undefined symbol in: "[no]"
Questionable use of curly braces in "diam={no}"
    Error: undefined symbol in: "[no]"
Questionable use of curly braces in "arc={no}"
    Error: undefined symbol in: "[no]"
Questionable use of curly braces in "pie={no}"
    Error: undefined symbol in: "[no]"
Questionable use of curly braces in "leftbrk={no}"
    Error: undefined symbol in: "[no]"
Questionable use of curly braces in "rightbrk={no}"
    Error: undefined symbol in: "[no]"
Questionable use of curly braces in "bothbrk={no}"
    Error: undefined symbol in: "[no]"
Questionable use of curly braces in "flag={yes}"
    Error: undefined symbol in: "[yes]"
Questionable use of curly braces in "meta={no}"
    Error: undefined symbol in: "[no]"
Questionable use of curly braces in "info={yes}"
    Error: undefined symbol in: "[yes]"
Questionable use of curly braces in "help={yes}"
    Error: undefined symbol in: "[yes]"
Questionable use of curly braces in "link={yes}"
    Error: undefined symbol in: "[yes]"
Questionable use of curly braces in "region_enable={yes}"
    Error: undefined symbol in: "[yes]"
Questionable use of curly braces in "digtrc={no}"
    Error: undefined symbol in: "[no]"
Questionable use of curly braces in "digtrc2={no}"
    Error: undefined symbol in: "[no]"
Questionable use of curly braces in "digall={no}"
    Error: undefined symbol in: "[no]"
Questionable use of curly braces in "gridtext={yes}"
    Error: undefined symbol in: "[yes]"
Questionable use of curly braces in "comptext={yes}"
    Error: undefined symbol in: "[yes]"
Questionable use of curly braces in "node={yes}"
    Error: undefined symbol in: "[yes]"
Questionable use of curly braces in "measured={yes}"
    Error: undefined symbol in: "[yes]"
Questionable use of curly braces in "nodev={yes}"
    Error: undefined symbol in: "[yes]"
Questionable use of curly braces in "current={yes}"
    Error: undefined symbol in: "[yes]"
Questionable use of curly braces in "power={yes}"
    Error: undefined symbol in: "[yes]"
Questionable use of curly braces in "conditin={yes}"
    Error: undefined symbol in: "[yes]"
Questionable use of curly braces in "pin={yes}"
    Error: undefined symbol in: "[yes]"
Questionable use of curly braces in "cross={no}"
    Error: undefined symbol in: "[no]"
Questionable use of curly braces in "grid={yes}"
    Error: undefined symbol in: "[yes]"
Questionable use of curly braces in "border={no}"
    Error: undefined symbol in: "[no]"
Questionable use of curly braces in "title={yes}"
    Error: undefined symbol in: "[yes]"
Questionable use of curly braces in "rubber={yes}"
    Error: undefined symbol in: "[yes]"
Questionable use of curly braces in "property={yes}"
    Error: undefined symbol in: "[yes]"
Questionable use of curly braces in "step={yes}"
    Error: undefined symbol in: "[yes]"
Questionable use of curly braces in "mirror={yes}"
    Error: undefined symbol in: "[yes]"
Questionable use of curly braces in "rotate={yes}"
    Error: undefined symbol in: "[yes]"
Questionable use of curly braces in "flipy={yes}"
    Error: undefined symbol in: "[yes]"
Questionable use of curly braces in "flipx={yes}"
    Error: undefined symbol in: "[yes]"
Questionable use of curly braces in "findcomp={yes}"
    Error: undefined symbol in: "[yes]"
Questionable use of curly braces in "find={yes}"
    Error: undefined symbol in: "[yes]"
Questionable use of curly braces in "repeat={no}"
    Error: undefined symbol in: "[no]"
Questionable use of curly braces in "model={yes}"
    Error: undefined symbol in: "[yes]"
Questionable use of curly braces in "cir2ckt={no}"
    Error: undefined symbol in: "[no]"
Questionable use of curly braces in "attdisp={no}"
    Error: undefined symbol in: "[no]"
Questionable use of curly braces in "enable={yes}"
    Error: undefined symbol in: "[yes]"
Questionable use of curly braces in "disable={yes}"
    Error: undefined symbol in: "[yes]"
Questionable use of curly braces in "tofront={yes}"
    Error: undefined symbol in: "[yes]"
Questionable use of curly braces in "toback={yes}"
    Error: undefined symbol in: "[yes]"
Questionable use of curly braces in "selnext={no}"
    Error: undefined symbol in: "[no]"
Questionable use of curly braces in "pageadd={no}"
    Error: undefined symbol in: "[no]"
Questionable use of curly braces in "pagedel={no}"
    Error: undefined symbol in: "[no]"
Questionable use of curly braces in "zoomin={yes}"
    Error: undefined symbol in: "[yes]"
Questionable use of curly braces in "zoomout={yes}"
    Error: undefined symbol in: "[yes]"
Questionable use of curly braces in "gotoflag={no}"
    Error: undefined symbol in: "[no]"
Questionable use of curly braces in "uplevel={yes}"
    Error: undefined symbol in: "[yes]"
Questionable use of curly braces in "color={yes}"
    Error: undefined symbol in: "[yes]"
Questionable use of curly braces in "font={yes}"
    Error: undefined symbol in: "[yes]"
Questionable use of curly braces in "enable={true}"
    Error: undefined symbol in: "[true]"
Questionable use of curly braces in "print={true}"
    Error: undefined symbol in: "[true]"
Questionable use of curly braces in "enable={true}"
    Error: undefined symbol in: "[true]"
Questionable use of curly braces in "name={main}"
    Error: undefined symbol in: "[main]"
Questionable use of curly braces in "print={false}"
    Error: undefined symbol in: "[false]"
Questionable use of curly braces in "enable={true}"
    Error: undefined symbol in: "[true]"
Questionable use of curly braces in "name={text}"
    Error: undefined symbol in: "[text]"
Questionable use of curly braces in "print={false}"
    Error: undefined symbol in: "[false]"
Questionable use of curly braces in "enable={true}"
    Error: undefined symbol in: "[true]"
Questionable use of curly braces in "name={models}"
    Error: undefined symbol in: "[models]"
Questionable use of curly braces in "print={false}"
    Error: undefined symbol in: "[false]"
Questionable use of curly braces in "enable={true}"
    Error: undefined symbol in: "[true]"
Questionable use of curly braces in "name={info}"
    Error: undefined symbol in: "[info]"
Questionable use of curly braces in "autotitle={yes}"
    Error: undefined symbol in: "[yes]"
Questionable use of curly braces in "grid pattern={dot6}"
    Error: undefined symbol in: "[dot6]"
Questionable use of curly braces in "static grids={false}"
    Error: undefined symbol in: "[false]"
Questionable use of curly braces in "plusmark={false}"
    Error: undefined symbol in: "[false]"
Questionable use of curly braces in "minorlog25={off}"
    Error: undefined symbol in: "[off]"
Questionable use of curly braces in "labelminor={off}"
    Error: undefined symbol in: "[off]"
Questionable use of curly braces in "operpoint={true}"
    Error: undefined symbol in: "[true]"
Questionable use of curly braces in "operpointonly={false}"
    Error: undefined symbol in: "[false]"
Questionable use of curly braces in "autoscaleranges={true}"
    Error: undefined symbol in: "[true]"
Questionable use of curly braces in "datapoints={false}"
    Error: undefined symbol in: "[false]"
Questionable use of curly braces in "token={false}"
    Error: undefined symbol in: "[false]"
Questionable use of curly braces in "ruler={false}"
    Error: undefined symbol in: "[false]"
Questionable use of curly braces in "xaxisgrids={true}"
    Error: undefined symbol in: "[true]"
Questionable use of curly braces in "yaxisgrids={true}"
    Error: undefined symbol in: "[true]"
Questionable use of curly braces in "minorloggrids={true}"
    Error: undefined symbol in: "[true]"
Questionable use of curly braces in "baseline={false}"
    Error: undefined symbol in: "[false]"
Questionable use of curly braces in "tracker intercept={false}"
    Error: undefined symbol in: "[false]"
Questionable use of curly braces in "tracker mouse={true}"
    Error: undefined symbol in: "[true]"
Questionable use of curly braces in "tracker cursor={true}"
    Error: undefined symbol in: "[true]"
Questionable use of curly braces in "tracker cursor branchinfo={false}"
    Error: undefined symbol in: "[false]"
Questionable use of curly braces in "horizontal cursor={false}"
    Error: undefined symbol in: "[false]"
Questionable use of curly braces in "same y scales={yes}"
    Error: undefined symbol in: "[yes]"
Questionable use of curly braces in "enable x scaling={true}"
    Error: undefined symbol in: "[true]"
Questionable use of curly braces in "enable y scaling={true}"
    Error: undefined symbol in: "[true]"
Questionable use of curly braces in "keep x scales the same={false}"
    Error: undefined symbol in: "[false]"
Questionable use of curly braces in "fft_includedcharmonic={false}"
    Error: undefined symbol in: "[false]"
Questionable use of curly braces in "printerautotile={no}"
    Error: undefined symbol in: "[no]"
Questionable use of curly braces in "printerblackborder={no}"
    Error: undefined symbol in: "[no]"
Questionable use of curly braces in "save_for_future={no}"
    Error: undefined symbol in: "[no]"
Questionable use of curly braces in "num out write={true}"
    Error: undefined symbol in: "[true]"
Questionable use of curly braces in "num out write main header={true}"
    Error: undefined symbol in: "[true]"
Questionable use of curly braces in "num out write limits={true}"
    Error: undefined symbol in: "[true]"
Questionable use of curly braces in "num out write branch header={true}"
    Error: undefined symbol in: "[true]"
Questionable use of curly braces in "num out write models={true}"
    Error: undefined symbol in: "[true]"
Questionable use of curly braces in "num out write zero models={true}"
    Error: undefined symbol in: "[true]"
Questionable use of curly braces in "num out write undefined models={true}"
    Error: undefined symbol in: "[true]"
Questionable use of curly braces in "num out write operating point={true}"
    Error: undefined symbol in: "[true]"
Questionable use of curly braces in "num out write values={true}"
    Error: undefined symbol in: "[true]"
Questionable use of curly braces in "num out write waveform header={true}"
    Error: undefined symbol in: "[true]"
Questionable use of curly braces in "pos={top}"
    Error: undefined symbol in: "[top]"
Questionable use of curly braces in "select={yes}"
    Error: undefined symbol in: "[yes]"
Questionable use of curly braces in "graphic={yes}"
    Error: undefined symbol in: "[yes]"
Questionable use of curly braces in "line={no}"
    Error: undefined symbol in: "[no]"
Questionable use of curly braces in "ellipse={no}"
    Error: undefined symbol in: "[no]"
Questionable use of curly braces in "rect={no}"
    Error: undefined symbol in: "[no]"
Questionable use of curly braces in "diam={no}"
    Error: undefined symbol in: "[no]"
Questionable use of curly braces in "arc={no}"
    Error: undefined symbol in: "[no]"
Questionable use of curly braces in "pie={no}"
    Error: undefined symbol in: "[no]"
Questionable use of curly braces in "leftbrk={no}"
    Error: undefined symbol in: "[no]"
Questionable use of curly braces in "rightbrk={no}"
    Error: undefined symbol in: "[no]"
Questionable use of curly braces in "bothbrk={no}"
    Error: undefined symbol in: "[no]"
Questionable use of curly braces in "polyclos={no}"
    Error: undefined symbol in: "[no]"
Questionable use of curly braces in "scale={yes}"
    Error: undefined symbol in: "[yes]"
Questionable use of curly braces in "cursor={yes}"
    Error: undefined symbol in: "[yes]"
Questionable use of curly braces in "measureh={yes}"
    Error: undefined symbol in: "[yes]"
Questionable use of curly braces in "measurev={yes}"
    Error: undefined symbol in: "[yes]"
Questionable use of curly braces in "tag={yes}"
    Error: undefined symbol in: "[yes]"
Questionable use of curly braces in "ptag={yes}"
    Error: undefined symbol in: "[yes]"
Questionable use of curly braces in "text={yes}"
    Error: undefined symbol in: "[yes]"
Questionable use of curly braces in "property={yes}"
    Error: undefined symbol in: "[yes]"
Questionable use of curly braces in "start={yes}"
    Error: undefined symbol in: "[yes]"
Questionable use of curly braces in "stop={yes}"
    Error: undefined symbol in: "[yes]"
Questionable use of curly braces in "pause={yes}"
    Error: undefined symbol in: "[yes]"
Questionable use of curly braces in "datapts={yes}"
    Error: undefined symbol in: "[yes]"
Questionable use of curly braces in "tokens={yes}"
    Error: undefined symbol in: "[yes]"
Questionable use of curly braces in "ruler={yes}"
    Error: undefined symbol in: "[yes]"
Questionable use of curly braces in "plus={yes}"
    Error: undefined symbol in: "[yes]"
Questionable use of curly braces in "xaxis={yes}"
    Error: undefined symbol in: "[yes]"
Questionable use of curly braces in "yaxis={yes}"
    Error: undefined symbol in: "[yes]"
Questionable use of curly braces in "minorlog={yes}"
    Error: undefined symbol in: "[yes]"
Questionable use of curly braces in "log25={yes}"
    Error: undefined symbol in: "[yes]"
Questionable use of curly braces in "baseline={yes}"
    Error: undefined symbol in: "[yes]"
Questionable use of curly braces in "horizcur={yes}"
    Error: undefined symbol in: "[yes]"
Questionable use of curly braces in "gotox={yes}"
    Error: undefined symbol in: "[yes]"
Questionable use of curly braces in "gotoy={yes}"
    Error: undefined symbol in: "[yes]"
Questionable use of curly braces in "gotoperf={yes}"
    Error: undefined symbol in: "[yes]"
Questionable use of curly braces in "gotobrnc={yes}"
    Error: undefined symbol in: "[yes]"
Questionable use of curly braces in "clear_accumulated={yes}"
    Error: undefined symbol in: "[yes]"
Questionable use of curly braces in "pdelete_all_plots={yes}"
    Error: undefined symbol in: "[yes]"
Questionable use of curly braces in "next={yes}"
    Error: undefined symbol in: "[yes]"
Questionable use of curly braces in "nextin={yes}"
    Error: undefined symbol in: "[yes]"
Questionable use of curly braces in "peak={yes}"
    Error: undefined symbol in: "[yes]"
Questionable use of curly braces in "valley={yes}"
    Error: undefined symbol in: "[yes]"
Questionable use of curly braces in "high={yes}"
    Error: undefined symbol in: "[yes]"
Questionable use of curly braces in "low={yes}"
    Error: undefined symbol in: "[yes]"
Questionable use of curly braces in "inflectn={yes}"
    Error: undefined symbol in: "[yes]"
Questionable use of curly braces in "ghigh={yes}"
    Error: undefined symbol in: "[yes]"
Questionable use of curly braces in "glow={yes}"
    Error: undefined symbol in: "[yes]"
Questionable use of curly braces in "bottom={yes}"
    Error: undefined symbol in: "[yes]"
Questionable use of curly braces in "top={yes}"
    Error: undefined symbol in: "[yes]"
Questionable use of curly braces in "waveformbuffer={yes}"
    Error: undefined symbol in: "[yes]"
Questionable use of curly braces in "aoutput={yes}"
    Error: undefined symbol in: "[yes]"
Questionable use of curly braces in "pkey={yes}"
    Error: undefined symbol in: "[yes]"
Questionable use of curly braces in "enxscale={yes}"
    Error: undefined symbol in: "[yes]"
Questionable use of curly braces in "enyscale={yes}"
    Error: undefined symbol in: "[yes]"
Questionable use of curly braces in "zoomin={yes}"
    Error: undefined symbol in: "[yes]"
Questionable use of curly braces in "zoomout={yes}"
    Error: undefined symbol in: "[yes]"
Questionable use of curly braces in "autoscale={yes}"
    Error: undefined symbol in: "[yes]"
Questionable use of curly braces in "color={yes}"
    Error: undefined symbol in: "[yes]"
Questionable use of curly braces in "font={yes}"
    Error: undefined symbol in: "[yes]"
Questionable use of curly braces in "selnext={no}"
    Error: undefined symbol in: "[no]"
Questionable use of curly braces in "analysis={transient}"
    Error: undefined symbol in: "[transient]"
Questionable use of curly braces in "analysis={transient}"
    Error: undefined symbol in: "[transient]"
Questionable use of curly braces in "status={off}"
    Error: undefined symbol in: "[off]"
Questionable use of curly braces in "zero tolerance={false}"
    Error: undefined symbol in: "[false]"
Questionable use of curly braces in "distribution={normal}"
    Error: undefined symbol in: "[normal]"
Questionable use of curly braces in "analysis={transient}"
    Error: undefined symbol in: "[transient]"
Questionable use of curly braces in "statevar={zero}"
    Error: undefined symbol in: "[zero]"
Questionable use of curly braces in "runoption={normal}"
    Error: undefined symbol in: "[normal]"
Questionable use of curly braces in "accumulate plots={false}"
    Error: undefined symbol in: "[false]"
Questionable use of curly braces in "analysis={transient}"
    Error: undefined symbol in: "[transient]"
Questionable use of curly braces in "xexp={t}"
    Error: undefined symbol in: "[t]"
Questionable use of curly braces in "rainbow={false}"
    Error: undefined symbol in: "[false]"
Questionable use of curly braces in "analysis={transient}"
    Error: undefined symbol in: "[transient]"
Questionable use of curly braces in "xexp={t}"
    Error: undefined symbol in: "[t]"
Questionable use of curly braces in "rainbow={false}"
    Error: undefined symbol in: "[false]"
Questionable use of curly braces in "analysis={transient}"
    Error: undefined symbol in: "[transient]"
Questionable use of curly braces in "xexp={t}"
    Error: undefined symbol in: "[t]"
Questionable use of curly braces in "rainbow={false}"
    Error: undefined symbol in: "[false]"
Questionable use of curly braces in "analysis={dynamicac}"
    Error: undefined symbol in: "[dynamicac]"
Questionable use of curly braces in "firstvaluedisplay={mag}"
    Error: undefined symbol in: "[mag]"
Questionable use of curly braces in "secondvaluedisplay={phasedeg}"
    Error: undefined symbol in: "[phasedeg]"
Questionable use of curly braces in "placetext={true}"
    Error: undefined symbol in: "[true]"
Questionable use of curly braces in "analysis={dynamicdc}"
    Error: undefined symbol in: "[dynamicdc]"
Questionable use of curly braces in "placetext={true}"
    Error: undefined symbol in: "[true]"
Questionable use of curly braces in "analysis={transient}"
    Error: undefined symbol in: "[transient]"
Questionable use of curly braces in "analysis={ac}"
    Error: undefined symbol in: "[ac]"
Questionable use of curly braces in "analysis={dc}"
    Error: undefined symbol in: "[dc]"
Questionable use of curly braces in "analysis={distortion}"
    Error: undefined symbol in: "[distortion]"
Questionable use of curly braces in "analysis={transient}"
    Error: undefined symbol in: "[transient]"
Questionable use of curly braces in "analysis={transient}"
    Error: undefined symbol in: "[transient]"
Questionable use of curly braces in "analysis={ac}"
    Error: undefined symbol in: "[ac]"
Questionable use of curly braces in "analysis={dc}"
    Error: undefined symbol in: "[dc]"
Fatal Error: Mutual Inductance card missing coupled inductor: key id=2 233 293 684
